<?xml version="1.0" encoding="UTF-8"?>
<!-- Generated by org.testng.reporters.JUnitReportReporter -->
<testsuite skipped="0" hostname="PC1" name="com.newtours.loginTest" tests="1" failures="0" timestamp="20 Dec 2018 10:39:14 GMT" time="5.139" errors="0">
  <testcase name="login" time="5.139" classname="com.newtours.loginTest"/>
</testsuite> <!-- com.newtours.loginTest -->
