<?xml version="1.0" encoding="UTF-8"?>
<!-- Generated by org.testng.reporters.JUnitReportReporter -->
<testsuite skipped="0" hostname="PC1" name="Task2" tests="2" failures="0" timestamp="04 Dec 2018 17:25:17 GMT" time="346.348" errors="0">
  <testcase name="loginTest" time="196.232" classname="Task2"/>
  <testcase name="loginTest" time="150.116" classname="Task2"/>
</testsuite> <!-- Task2 -->
