<?xml version="1.0" encoding="UTF-8"?>
<!-- Generated by org.testng.reporters.JUnitReportReporter -->
<testsuite skipped="0" hostname="PC1" name="AppDataProvider" tests="3" failures="0" timestamp="04 Dec 2018 15:42:19 GMT" time="0.067" errors="0">
  <testcase name="loginTest" time="0.016" classname="AppDataProvider"/>
  <testcase name="loginTest" time="0.005" classname="AppDataProvider"/>
  <testcase name="loginTest" time="0.046" classname="AppDataProvider"/>
</testsuite> <!-- AppDataProvider -->
