<?xml version="1.0" encoding="UTF-8"?>
<!-- Generated by org.testng.reporters.JUnitReportReporter -->
<testsuite skipped="0" hostname="PC1" name="testcases.AppBeforeAfterSuit" tests="3" failures="0" timestamp="15 Jan 2019 12:19:26 GMT" time="0.016" errors="0">
  <testcase name="LoginTest" time="0.009" classname="testcases.AppBeforeAfterSuit"/>
  <testcase name="PasswordChange" time="0.005" classname="testcases.AppBeforeAfterSuit"/>
  <testcase name="LogoutTest" time="0.002" classname="testcases.AppBeforeAfterSuit"/>
</testsuite> <!-- testcases.AppBeforeAfterSuit -->
