<?xml version="1.0" encoding="UTF-8"?>
<!-- Generated by org.testng.reporters.JUnitReportReporter -->
<testsuite skipped="0" hostname="PC1" name="AppBeforeAfterSuit" tests="3" failures="0" timestamp="03 Dec 2018 17:54:39 GMT" time="0.055" errors="0">
  <testcase name="LoginTest" time="0.050" classname="AppBeforeAfterSuit"/>
  <testcase name="PasswordChange" time="0.003" classname="AppBeforeAfterSuit"/>
  <testcase name="LogoutTest" time="0.002" classname="AppBeforeAfterSuit"/>
</testsuite> <!-- AppBeforeAfterSuit -->
