<?xml version="1.0" encoding="UTF-8"?>
<!-- Generated by org.testng.reporters.JUnitReportReporter -->
<testsuite skipped="0" hostname="PC1" name="testcases.AppBeforeAfterSuit" tests="1" failures="0" timestamp="04 Dec 2018 19:38:45 GMT" time="0.002" errors="0">
  <testcase name="LoginTest" time="0.002" classname="testcases.AppBeforeAfterSuit"/>
</testsuite> <!-- testcases.AppBeforeAfterSuit -->
