<?xml version="1.0" encoding="UTF-8"?>
<!-- Generated by org.testng.reporters.JUnitReportReporter -->
<testsuite skipped="2" hostname="PC1" name="AppSkipTest" tests="3" failures="0" timestamp="03 Dec 2018 18:00:01 GMT" time="0.063" errors="0">
  <testcase name="LoginTest" time="0.046" classname="AppSkipTest"/>
  <testcase name="PasswordChange" time="0.017" classname="AppSkipTest">
    <skipped/>
  </testcase> <!-- PasswordChange -->
  <testcase name="LogoutTest" classname="AppSkipTest">
    <skipped/>
  </testcase> <!-- LogoutTest -->
</testsuite> <!-- AppSkipTest -->
