<?xml version="1.0" encoding="UTF-8"?>
<!-- Generated by org.testng.reporters.JUnitReportReporter -->
<testsuite skipped="0" hostname="PC1" name="testcases.AppDependsOnMethods" tests="1" failures="0" timestamp="04 Dec 2018 19:38:46 GMT" time="0.001" errors="0">
  <testcase name="LogoutSystemTest" time="0.001" classname="testcases.AppDependsOnMethods"/>
</testsuite> <!-- testcases.AppDependsOnMethods -->
