<?xml version="1.0" encoding="UTF-8"?>
<!-- Generated by org.testng.reporters.JUnitReportReporter -->
<testsuite skipped="3" hostname="PC1" name="AppDependsOnMethods" tests="4" failures="0" timestamp="03 Dec 2018 19:53:47 GMT" time="0.053" errors="0">
  <testcase name="LogoutSystemTest" time="0.047" classname="AppDependsOnMethods"/>
  <testcase name="LoginTest" time="0.006" classname="AppDependsOnMethods">
    <skipped/>
  </testcase> <!-- LoginTest -->
  <testcase name="PasswordChange" time="0.000" classname="AppDependsOnMethods">
    <skipped/>
  </testcase> <!-- PasswordChange -->
  <testcase name="LogoutTest" time="0.000" classname="AppDependsOnMethods">
    <skipped/>
  </testcase> <!-- LogoutTest -->
</testsuite> <!-- AppDependsOnMethods -->
