<?xml version="1.0" encoding="UTF-8"?>
<!-- Generated by org.testng.reporters.JUnitReportReporter -->
<testsuite skipped="1" hostname="PC1" name="testcases.AppDataProvider" tests="4" failures="0" timestamp="04 Dec 2018 19:38:45 GMT" time="0.028" errors="0">
  <testcase name="loginTest2" time="0.011" classname="testcases.AppDataProvider"/>
  <testcase name="loginTest2" time="0.015" classname="testcases.AppDataProvider"/>
  <testcase name="loginTest2" time="0.002" classname="testcases.AppDataProvider"/>
  <testcase name="loginTest" classname="testcases.AppDataProvider">
    <skipped/>
  </testcase> <!-- loginTest -->
</testsuite> <!-- testcases.AppDataProvider -->
