<?xml version="1.0" encoding="UTF-8"?>
<!-- Generated by org.testng.reporters.JUnitReportReporter -->
<testsuite skipped="0" hostname="PC1" name="AppBeforeAfterTest" tests="3" failures="0" timestamp="03 Dec 2018 17:44:05 GMT" time="0.070" errors="0">
  <testcase name="LoginTest" time="0.059" classname="AppBeforeAfterTest"/>
  <testcase name="PasswordChange" time="0.009" classname="AppBeforeAfterTest"/>
  <testcase name="LogoutTest" time="0.002" classname="AppBeforeAfterTest"/>
</testsuite> <!-- AppBeforeAfterTest -->
