<?xml version="1.0" encoding="UTF-8"?>
<!-- Generated by org.testng.reporters.JUnitReportReporter -->
<testsuite skipped="0" hostname="PC1" name="App" tests="3" failures="0" timestamp="03 Dec 2018 17:32:02 GMT" time="0.048" errors="0">
  <testcase name="LogoutTest" time="0.005" classname="App"/>
  <testcase name="LoginTest" time="0.041" classname="App"/>
  <testcase name="PasswordChange" time="0.002" classname="App"/>
</testsuite> <!-- App -->
