<?xml version="1.0" encoding="UTF-8"?>
<!-- Generated by org.testng.reporters.JUnitReportReporter -->
<testsuite skipped="1" hostname="PC1" name="AppDataProvider" tests="4" failures="0" timestamp="04 Dec 2018 16:09:41 GMT" time="0.025" errors="0">
  <testcase name="loginTest2" time="0.018" classname="AppDataProvider"/>
  <testcase name="loginTest2" time="0.002" classname="AppDataProvider"/>
  <testcase name="loginTest2" time="0.005" classname="AppDataProvider"/>
  <testcase name="loginTest" classname="AppDataProvider">
    <skipped/>
  </testcase> <!-- loginTest -->
</testsuite> <!-- AppDataProvider -->
