<?xml version="1.0" encoding="UTF-8"?>
<!-- Generated by org.testng.reporters.JUnitReportReporter -->
<testsuite skipped="0" hostname="PC1" name="AppBeforeAfterMethod" tests="3" failures="0" timestamp="03 Dec 2018 17:50:38 GMT" time="0.201" errors="0">
  <testcase name="LoginTest" time="0.015" classname="AppBeforeAfterMethod"/>
  <testcase name="PasswordChange" time="0.030" classname="AppBeforeAfterMethod"/>
  <testcase name="LogoutTest" time="0.156" classname="AppBeforeAfterMethod"/>
</testsuite> <!-- AppBeforeAfterMethod -->
