<?xml version="1.0" encoding="UTF-8"?>
<!-- Generated by org.testng.reporters.JUnitReportReporter -->
<testsuite skipped="3" hostname="PC1" name="testcases.AppDependsOnMethods" tests="4" failures="0" timestamp="24 mars 2019 10:16:47 GMT" time="0.027" errors="0">
  <testcase name="LogoutSystemTest" time="0.019" classname="testcases.AppDependsOnMethods"/>
  <testcase name="LoginTest" time="0.008" classname="testcases.AppDependsOnMethods">
    <skipped/>
  </testcase> <!-- LoginTest -->
  <testcase name="PasswordChange" time="0.000" classname="testcases.AppDependsOnMethods">
    <skipped/>
  </testcase> <!-- PasswordChange -->
  <testcase name="LogoutTest" time="0.000" classname="testcases.AppDependsOnMethods">
    <skipped/>
  </testcase> <!-- LogoutTest -->
</testsuite> <!-- testcases.AppDependsOnMethods -->
