<?xml version="1.0" encoding="UTF-8"?>
<!-- Generated by org.testng.reporters.JUnitReportReporter -->
<testsuite skipped="0" hostname="PC1" name="Task" tests="4" failures="0" timestamp="03 Dec 2018 20:10:42 GMT" time="0.217" errors="0">
  <testcase name="Register" time="0.056" classname="Task"/>
  <testcase name="Search" time="0.068" classname="Task"/>
  <testcase name="Buy" time="0.085" classname="Task"/>
  <testcase name="Pay" time="0.008" classname="Task"/>
</testsuite> <!-- Task -->
