<?xml version="1.0" encoding="UTF-8"?>
<!-- Generated by org.testng.reporters.JUnitReportReporter -->
<testsuite skipped="0" hostname="PC1" name="testcases.App" tests="3" failures="0" timestamp="04 Dec 2018 19:38:46 GMT" time="0.035" errors="0">
  <testcase name="LogoutTest" time="0.003" classname="testcases.App"/>
  <testcase name="PasswordChange" time="0.005" classname="testcases.App"/>
  <testcase name="LoginTest" time="0.027" classname="testcases.App"/>
</testsuite> <!-- testcases.App -->
