<?xml version="1.0" encoding="UTF-8"?>
<!-- Generated by org.testng.reporters.JUnitReportReporter -->
<testsuite skipped="0" hostname="PC1" name="testcases.AppDataProvider" tests="6" failures="0" timestamp="24 mars 2019 10:21:27 GMT" time="0.040" errors="0">
  <testcase name="loginTest2" time="0.002" classname="testcases.AppDataProvider"/>
  <testcase name="loginTest" time="0.003" classname="testcases.AppDataProvider"/>
  <testcase name="loginTest2" time="0.002" classname="testcases.AppDataProvider"/>
  <testcase name="loginTest2" time="0.002" classname="testcases.AppDataProvider"/>
  <testcase name="loginTest" time="0.028" classname="testcases.AppDataProvider"/>
  <testcase name="loginTest" time="0.003" classname="testcases.AppDataProvider"/>
</testsuite> <!-- testcases.AppDataProvider -->
