<?xml version="1.0" encoding="UTF-8"?>
<!-- Generated by org.testng.reporters.JUnitReportReporter -->
<testsuite skipped="0" hostname="PC1" name="testcases.App" tests="3" failures="0" timestamp="24 mars 2019 09:01:59 GMT" time="0.021" errors="0">
  <testcase name="LogoutTest" time="0.003" classname="testcases.App"/>
  <testcase name="PasswordChange" time="0.001" classname="testcases.App"/>
  <testcase name="LoginTest" time="0.017" classname="testcases.App"/>
</testsuite> <!-- testcases.App -->
