<?xml version="1.0" encoding="UTF-8"?>
<!-- Generated by org.testng.reporters.JUnitReportReporter -->
<testsuite skipped="0" hostname="PC1" name="com.prestashop.tests.NegativeTests" tests="4" failures="0" timestamp="18 Dec 2018 22:09:02 GMT" time="4.786" errors="0">
  <testcase name="blankEmailTest" time="1.233" classname="com.prestashop.tests.NegativeTests"/>
  <testcase name="invalidEmailTest" time="1.190" classname="com.prestashop.tests.NegativeTests"/>
  <testcase name="blankPasswordTest" time="1.097" classname="com.prestashop.tests.NegativeTests"/>
  <testcase name="wrongCredentials" time="1.266" classname="com.prestashop.tests.NegativeTests"/>
</testsuite> <!-- com.prestashop.tests.NegativeTests -->
