<?xml version="1.0" encoding="UTF-8"?>
<!-- Generated by org.testng.reporters.JUnitReportReporter -->
<testsuite skipped="0" hostname="PC1" name="com.prestashop.tests.PositiveTests" tests="1" failures="0" timestamp="18 Dec 2018 23:34:36 GMT" time="8.476" errors="0">
  <testcase name="createAccount" time="8.476" classname="com.prestashop.tests.PositiveTests"/>
</testsuite> <!-- com.prestashop.tests.PositiveTests -->
