<?xml version="1.0" encoding="UTF-8"?>
<!-- Generated by org.testng.reporters.JUnitReportReporter -->
<testsuite skipped="1" hostname="PC1" name="com.cbt.tests.login.LoginTests" tests="3" failures="0" timestamp="19 Dec 2018 19:36:00 GMT" time="35.370" errors="0">
  <testcase name="positiveloginTest" time="15.141" classname="com.cbt.tests.login.LoginTests"/>
  <testcase name="positiveLoginUsingPOM" time="20.229" classname="com.cbt.tests.login.LoginTests"/>
  <testcase name="invalidUsernameTest" classname="com.cbt.tests.login.LoginTests">
    <skipped/>
  </testcase> <!-- invalidUsernameTest -->
</testsuite> <!-- com.cbt.tests.login.LoginTests -->
