<?xml version="1.0" encoding="UTF-8"?>
<!-- Generated by org.testng.reporters.JUnitReportReporter -->
<testsuite skipped="0" hostname="PC1" name="com.cbt.tests.order.OrderTests" tests="4" failures="0" timestamp="19 Dec 2018 19:46:44 GMT" time="97.786" errors="0">
  <testcase name="availableProductsTest" time="24.561" classname="com.cbt.tests.order.OrderTests"/>
  <testcase name="availableProductsTest" time="26.281" classname="com.cbt.tests.order.OrderTests"/>
  <testcase name="labelsVerication" time="22.878" classname="com.cbt.tests.order.OrderTests"/>
  <testcase name="labelsVerication" time="24.066" classname="com.cbt.tests.order.OrderTests"/>
</testsuite> <!-- com.cbt.tests.order.OrderTests -->
